<?xml version="1.0" encoding="UTF-8"?>
<testng-results ignored="0" total="1" passed="1" failed="0" skipped="0">
  <reporter-output>
    <line>
      <![CDATA[<a target="_blank" href= "C:\Users\APATHRUT\eclipse-workspace\appiumDemo\screenshots\09113520707.png">Screenshot</a>]]>
    </line>
    <line>
      <![CDATA[<a target="_blank" href= "C:\Users\APATHRUT\eclipse-workspace\appiumDemo\screenshots\09113521788.png">Screenshot</a>]]>
    </line>
    <line>
      <![CDATA[Clicked on Accept button]]>
    </line>
    <line>
      <![CDATA[<a target="_blank" href= "C:\Users\APATHRUT\eclipse-workspace\appiumDemo\screenshots\09113527022.png">Screenshot</a>]]>
    </line>
    <line>
      <![CDATA[<a target="_blank" href= "C:\Users\APATHRUT\eclipse-workspace\appiumDemo\screenshots\09113528096.png">Screenshot</a>]]>
    </line>
    <line>
      <![CDATA[Clicked on signin button]]>
    </line>
    <line>
      <![CDATA[<a target="_blank" href= "C:\Users\APATHRUT\eclipse-workspace\appiumDemo\screenshots\09113617089.png">Screenshot</a>]]>
    </line>
    <line>
      <![CDATA[<a target="_blank" href= "C:\Users\APATHRUT\eclipse-workspace\appiumDemo\screenshots\09113618186.png">Screenshot</a>]]>
    </line>
    <line>
      <![CDATA[Entered email.]]>
    </line>
    <line>
      <![CDATA[<a target="_blank" href= "C:\Users\APATHRUT\eclipse-workspace\appiumDemo\screenshots\09113621138.png">Screenshot</a>]]>
    </line>
    <line>
      <![CDATA[Entered Password.]]>
    </line>
    <line>
      <![CDATA[<a target="_blank" href= "C:\Users\APATHRUT\eclipse-workspace\appiumDemo\screenshots\09113626104.png">Screenshot</a>]]>
    </line>
    <line>
      <![CDATA[Clicked on submit button]]>
    </line>
    <line>
      <![CDATA[<a target="_blank" href= "C:\Users\APATHRUT\eclipse-workspace\appiumDemo\screenshots\09113634588.png">Screenshot</a>]]>
    </line>
    <line>
      <![CDATA[Clicked on confirm button]]>
    </line>
    <line>
      <![CDATA[<a target="_blank" href= "C:\Users\APATHRUT\eclipse-workspace\appiumDemo\screenshots\09113653742.png">Screenshot</a>]]>
    </line>
    <line>
      <![CDATA[Clicked on checkbox button]]>
    </line>
    <line>
      <![CDATA[<a target="_blank" href= "C:\Users\APATHRUT\eclipse-workspace\appiumDemo\screenshots\09113658836.png">Screenshot</a>]]>
    </line>
    <line>
      <![CDATA[Clicked on continue button]]>
    </line>
    <line>
      <![CDATA[<a target="_blank" href= "C:\Users\APATHRUT\eclipse-workspace\appiumDemo\screenshots\09113726220.png">Screenshot</a>]]>
    </line>
    <line>
      <![CDATA[Clicked on IAccept button]]>
    </line>
    <line>
      <![CDATA[<a target="_blank" href= "C:\Users\APATHRUT\eclipse-workspace\appiumDemo\screenshots\09113730054.png">Screenshot</a>]]>
    </line>
    <line>
      <![CDATA[Clicked on allow button]]>
    </line>
    <line>
      <![CDATA[<a target="_blank" href= "C:\Users\APATHRUT\eclipse-workspace\appiumDemo\screenshots\09113747512.png">Screenshot</a>]]>
    </line>
    <line>
      <![CDATA[Clicked on close button]]>
    </line>
    <line>
      <![CDATA[<a target="_blank" href= "C:\Users\APATHRUT\eclipse-workspace\appiumDemo\screenshots\09113754436.png">Screenshot</a>]]>
    </line>
    <line>
      <![CDATA[Clicked on +whileUsingTheApp+ button]]>
    </line>
    <line>
      <![CDATA[<a target="_blank" href= "C:\Users\APATHRUT\eclipse-workspace\appiumDemo\screenshots\09113803603.png">Screenshot</a>]]>
    </line>
    <line>
      <![CDATA[<a target="_blank" href= "C:\Users\APATHRUT\eclipse-workspace\appiumDemo\screenshots\09113820946.png">Screenshot</a>]]>
    </line>
    <line>
      <![CDATA[Clicked on actionOpenMenu button]]>
    </line>
    <line>
      <![CDATA[Clicked on setting button]]>
    </line>
    <line>
      <![CDATA[<a target="_blank" href= "C:\Users\APATHRUT\eclipse-workspace\appiumDemo\screenshots\09113854560.png">Screenshot</a>]]>
    </line>
    <line>
      <![CDATA[Clicked on logout button]]>
    </line>
  </reporter-output>
  <suite started-at="2023-09-11T19:34:57 IST" name="Suite" finished-at="2023-09-11T19:39:03 IST" duration-ms="246249">
    <groups>
    </groups>
    <test started-at="2023-09-11T19:34:57 IST" name="Test" finished-at="2023-09-11T19:39:03 IST" duration-ms="246249">
      <class name="com.mymarquee.qa.testcases.LoginTestCases">
        <test-method is-config="true" signature="setUp(java.lang.String,java.lang.String)[pri:0, instance:com.mymarquee.qa.testcases.LoginTestCases@3b0fe47a]" started-at="2023-09-11T19:34:57 IST" name="setUp" finished-at="2023-09-11T19:35:18 IST" duration-ms="20966" status="PASS">
          <params>
            <param index="0">
              <value>
                <![CDATA[com.psa.mym.mypeugeot]]>
              </value>
            </param>
            <param index="1">
              <value>
                <![CDATA[com.psa.mym.activity.SplashscreenActivity]]>
              </value>
            </param>
          </params>
          <reporter-output>
          </reporter-output>
        </test-method> <!-- setUp -->
        <test-method signature="verifyUserIsAbleToLoginWithActivatedAccountCredientials()[pri:1, instance:com.mymarquee.qa.testcases.LoginTestCases@3b0fe47a]" started-at="2023-09-11T19:35:18 IST" name="verifyUserIsAbleToLoginWithActivatedAccountCredientials" finished-at="2023-09-11T19:39:03 IST" duration-ms="225219" status="PASS">
          <reporter-output>
            <line>
              <![CDATA[<a target="_blank" href= "C:\Users\APATHRUT\eclipse-workspace\appiumDemo\screenshots\09113520707.png">Screenshot</a>]]>
            </line>
            <line>
              <![CDATA[<a target="_blank" href= "C:\Users\APATHRUT\eclipse-workspace\appiumDemo\screenshots\09113521788.png">Screenshot</a>]]>
            </line>
            <line>
              <![CDATA[Clicked on Accept button]]>
            </line>
            <line>
              <![CDATA[<a target="_blank" href= "C:\Users\APATHRUT\eclipse-workspace\appiumDemo\screenshots\09113527022.png">Screenshot</a>]]>
            </line>
            <line>
              <![CDATA[<a target="_blank" href= "C:\Users\APATHRUT\eclipse-workspace\appiumDemo\screenshots\09113528096.png">Screenshot</a>]]>
            </line>
            <line>
              <![CDATA[Clicked on signin button]]>
            </line>
            <line>
              <![CDATA[<a target="_blank" href= "C:\Users\APATHRUT\eclipse-workspace\appiumDemo\screenshots\09113617089.png">Screenshot</a>]]>
            </line>
            <line>
              <![CDATA[<a target="_blank" href= "C:\Users\APATHRUT\eclipse-workspace\appiumDemo\screenshots\09113618186.png">Screenshot</a>]]>
            </line>
            <line>
              <![CDATA[Entered email.]]>
            </line>
            <line>
              <![CDATA[<a target="_blank" href= "C:\Users\APATHRUT\eclipse-workspace\appiumDemo\screenshots\09113621138.png">Screenshot</a>]]>
            </line>
            <line>
              <![CDATA[Entered Password.]]>
            </line>
            <line>
              <![CDATA[<a target="_blank" href= "C:\Users\APATHRUT\eclipse-workspace\appiumDemo\screenshots\09113626104.png">Screenshot</a>]]>
            </line>
            <line>
              <![CDATA[Clicked on submit button]]>
            </line>
            <line>
              <![CDATA[<a target="_blank" href= "C:\Users\APATHRUT\eclipse-workspace\appiumDemo\screenshots\09113634588.png">Screenshot</a>]]>
            </line>
            <line>
              <![CDATA[Clicked on confirm button]]>
            </line>
            <line>
              <![CDATA[<a target="_blank" href= "C:\Users\APATHRUT\eclipse-workspace\appiumDemo\screenshots\09113653742.png">Screenshot</a>]]>
            </line>
            <line>
              <![CDATA[Clicked on checkbox button]]>
            </line>
            <line>
              <![CDATA[<a target="_blank" href= "C:\Users\APATHRUT\eclipse-workspace\appiumDemo\screenshots\09113658836.png">Screenshot</a>]]>
            </line>
            <line>
              <![CDATA[Clicked on continue button]]>
            </line>
            <line>
              <![CDATA[<a target="_blank" href= "C:\Users\APATHRUT\eclipse-workspace\appiumDemo\screenshots\09113726220.png">Screenshot</a>]]>
            </line>
            <line>
              <![CDATA[Clicked on IAccept button]]>
            </line>
            <line>
              <![CDATA[<a target="_blank" href= "C:\Users\APATHRUT\eclipse-workspace\appiumDemo\screenshots\09113730054.png">Screenshot</a>]]>
            </line>
            <line>
              <![CDATA[Clicked on allow button]]>
            </line>
            <line>
              <![CDATA[<a target="_blank" href= "C:\Users\APATHRUT\eclipse-workspace\appiumDemo\screenshots\09113747512.png">Screenshot</a>]]>
            </line>
            <line>
              <![CDATA[Clicked on close button]]>
            </line>
            <line>
              <![CDATA[<a target="_blank" href= "C:\Users\APATHRUT\eclipse-workspace\appiumDemo\screenshots\09113754436.png">Screenshot</a>]]>
            </line>
            <line>
              <![CDATA[Clicked on +whileUsingTheApp+ button]]>
            </line>
            <line>
              <![CDATA[<a target="_blank" href= "C:\Users\APATHRUT\eclipse-workspace\appiumDemo\screenshots\09113803603.png">Screenshot</a>]]>
            </line>
            <line>
              <![CDATA[<a target="_blank" href= "C:\Users\APATHRUT\eclipse-workspace\appiumDemo\screenshots\09113820946.png">Screenshot</a>]]>
            </line>
            <line>
              <![CDATA[Clicked on actionOpenMenu button]]>
            </line>
            <line>
              <![CDATA[Clicked on setting button]]>
            </line>
            <line>
              <![CDATA[<a target="_blank" href= "C:\Users\APATHRUT\eclipse-workspace\appiumDemo\screenshots\09113854560.png">Screenshot</a>]]>
            </line>
            <line>
              <![CDATA[Clicked on logout button]]>
            </line>
          </reporter-output>
        </test-method> <!-- verifyUserIsAbleToLoginWithActivatedAccountCredientials -->
      </class> <!-- com.mymarquee.qa.testcases.LoginTestCases -->
    </test> <!-- Test -->
  </suite> <!-- Suite -->
</testng-results>
